TN:
SF:/Users/riwhiz/Desktop/Projects/Docman/app/actions/authActions.js
FN:6,logoutAction
FN:13,errorSet
FN:19,registerClose
FN:25,reloadUser
FN:26,(anonymous_5)
FN:32,(anonymous_6)
FN:48,create
FN:49,(anonymous_8)
FN:61,(anonymous_9)
FN:67,(anonymous_10)
FNF:10
FNH:9
FNDA:13,logoutAction
FNDA:13,errorSet
FNDA:26,registerClose
FNDA:26,reloadUser
FNDA:26,(anonymous_5)
FNDA:13,(anonymous_6)
FNDA:13,create
FNDA:13,(anonymous_8)
FNDA:13,(anonymous_9)
FNDA:0,(anonymous_10)
DA:1,13
DA:2,13
DA:3,13
DA:4,13
DA:7,13
DA:14,13
DA:20,26
DA:26,26
DA:27,26
DA:28,26
DA:33,13
DA:34,13
DA:35,0
DA:37,13
DA:38,13
DA:44,13
DA:49,13
DA:50,13
DA:51,13
DA:62,13
DA:63,13
DA:64,13
DA:68,0
LF:23
LH:21
BRDA:34,0,0,0
BRDA:34,0,1,13
BRDA:62,1,0,13
BRDA:62,1,1,0
BRF:4
BRH:2
end_of_record
TN:
SF:/Users/riwhiz/Desktop/Projects/Docman/app/actions/displayActions.js
FN:5,displayUsers
FN:12,displayDocs
FN:19,displayDashboard
FN:25,changePage
FN:31,editDoc
FN:37,userDoc
FN:43,createDoc
FN:44,(anonymous_8)
FN:54,(anonymous_9)
FN:61,selectedUser
FN:62,(anonymous_11)
FN:68,(anonymous_12)
FN:80,reloadPage
FN:81,(anonymous_14)
FN:92,(anonymous_15)
FN:100,handleEditSubmit
FN:101,(anonymous_17)
FN:112,(anonymous_18)
FN:119,deleteDoc
FN:120,(anonymous_20)
FN:125,(anonymous_21)
FNF:21
FNH:21
FNDA:26,displayUsers
FNDA:26,displayDocs
FNDA:13,displayDashboard
FNDA:65,changePage
FNDA:13,editDoc
FNDA:26,userDoc
FNDA:13,createDoc
FNDA:13,(anonymous_8)
FNDA:13,(anonymous_9)
FNDA:13,selectedUser
FNDA:13,(anonymous_11)
FNDA:13,(anonymous_12)
FNDA:52,reloadPage
FNDA:52,(anonymous_14)
FNDA:13,(anonymous_15)
FNDA:13,handleEditSubmit
FNDA:13,(anonymous_17)
FNDA:13,(anonymous_18)
FNDA:13,deleteDoc
FNDA:13,(anonymous_20)
FNDA:13,(anonymous_21)
DA:1,13
DA:2,13
DA:3,13
DA:6,26
DA:13,26
DA:20,13
DA:26,65
DA:32,13
DA:38,26
DA:44,13
DA:45,13
DA:46,13
DA:55,13
DA:56,13
DA:62,13
DA:63,13
DA:64,13
DA:65,13
DA:69,13
DA:70,13
DA:71,13
DA:72,13
DA:74,0
DA:81,52
DA:82,52
DA:83,52
DA:84,52
DA:93,13
DA:94,13
DA:95,13
DA:96,13
DA:101,13
DA:102,13
DA:103,13
DA:104,13
DA:113,13
DA:114,13
DA:120,13
DA:121,13
DA:122,13
DA:126,13
DA:127,13
DA:129,0
LF:43
LH:41
BRDA:55,0,0,13
BRDA:55,0,1,0
BRDA:69,1,0,13
BRDA:69,1,1,0
BRDA:113,2,0,13
BRDA:113,2,1,0
BRDA:126,3,0,13
BRDA:126,3,1,0
BRF:8
BRH:4
end_of_record
TN:
SF:/Users/riwhiz/Desktop/Projects/Docman/app/actions/menuActions.js
FN:1,openUsers
FN:4,openDocuments
FN:7,openDashboard
FN:10,openUserDoc
FNF:4
FNH:4
FNDA:26,openUsers
FNDA:26,openDocuments
FNDA:13,openDashboard
FNDA:26,openUserDoc
DA:2,26
DA:5,26
DA:8,13
DA:11,26
LF:4
LH:4
BRF:0
BRH:0
end_of_record
TN:
SF:/Users/riwhiz/Desktop/Projects/Docman/app/reducers/authReducer.js
FN:1,authReducers
FNF:1
FNH:1
FNDA:26,authReducers
DA:1,26
DA:2,26
DA:7,13
DA:12,13
DA:15,0
LF:5
LH:4
BRDA:1,0,0,26
BRDA:1,0,1,0
BRDA:1,1,0,26
BRDA:1,1,1,26
BRDA:6,2,0,13
BRDA:6,2,1,13
BRDA:6,2,2,0
BRF:7
BRH:5
end_of_record
TN:
SF:/Users/riwhiz/Desktop/Projects/Docman/app/reducers/displayReducers.js
FN:1,displayReducers
FNF:1
FNH:1
FNDA:52,displayReducers
DA:1,52
DA:2,52
DA:4,13
DA:7,13
DA:10,13
DA:13,13
DA:18,0
LF:7
LH:6
BRDA:1,0,0,52
BRDA:1,0,1,0
BRDA:1,1,0,52
BRDA:1,1,1,52
BRDA:3,2,0,13
BRDA:3,2,1,13
BRDA:3,2,2,13
BRDA:3,2,3,13
BRDA:3,2,4,0
BRF:9
BRH:7
end_of_record
TN:
SF:/Users/riwhiz/Desktop/Projects/Docman/app/reducers/menuReducers.js
FN:6,menuReducers
FNF:1
FNH:1
FNDA:39,menuReducers
DA:1,13
DA:6,39
DA:7,39
DA:9,13
DA:15,13
DA:21,13
DA:25,0
LF:7
LH:6
BRDA:6,0,0,39
BRDA:6,0,1,0
BRDA:6,1,0,39
BRDA:6,1,1,39
BRDA:8,2,0,13
BRDA:8,2,1,13
BRDA:8,2,2,13
BRDA:8,2,3,0
BRF:8
BRH:6
end_of_record
