TN:
SF:/Users/riwhiz/Desktop/Projects/Docman/app/actions/authActions.js
FN:6,logoutAction
FN:13,errorSet
FN:19,registerClose
FN:25,setPermission
FN:31,reloadUser
FN:32,(anonymous_6)
FN:38,(anonymous_7)
FN:54,create
FN:55,(anonymous_9)
FN:67,(anonymous_10)
FN:73,(anonymous_11)
FNF:11
FNH:0
FNDA:0,logoutAction
FNDA:0,errorSet
FNDA:0,registerClose
FNDA:0,setPermission
FNDA:0,reloadUser
FNDA:0,(anonymous_6)
FNDA:0,(anonymous_7)
FNDA:0,create
FNDA:0,(anonymous_9)
FNDA:0,(anonymous_10)
FNDA:0,(anonymous_11)
DA:1,1
DA:2,1
DA:3,1
DA:4,1
DA:7,0
DA:14,0
DA:20,0
DA:26,0
DA:32,0
DA:33,0
DA:34,0
DA:39,0
DA:40,0
DA:41,0
DA:43,0
DA:44,0
DA:50,0
DA:55,0
DA:56,0
DA:57,0
DA:68,0
DA:69,0
DA:70,0
DA:74,0
LF:24
LH:4
BRDA:40,0,0,0
BRDA:40,0,1,0
BRDA:68,1,0,0
BRDA:68,1,1,0
BRF:4
BRH:0
end_of_record
TN:
SF:/Users/riwhiz/Desktop/Projects/Docman/app/actions/displayActions.js
FN:5,displayUsers
FN:12,displayDocs
FN:19,displayRoles
FN:26,displayDashboard
FN:32,changePage
FN:38,editDoc
FN:44,userDoc
FN:50,createDoc
FN:51,(anonymous_9)
FN:61,(anonymous_10)
FN:68,selectedUser
FN:69,(anonymous_12)
FN:75,(anonymous_13)
FN:87,reloadPage
FN:88,(anonymous_15)
FN:99,(anonymous_16)
FN:108,reloadRoles
FN:109,(anonymous_18)
FN:120,(anonymous_19)
FN:130,handleEditSubmit
FN:131,(anonymous_21)
FN:142,(anonymous_22)
FN:149,deleteDoc
FN:150,(anonymous_24)
FN:155,(anonymous_25)
FNF:25
FNH:0
FNDA:0,displayUsers
FNDA:0,displayDocs
FNDA:0,displayRoles
FNDA:0,displayDashboard
FNDA:0,changePage
FNDA:0,editDoc
FNDA:0,userDoc
FNDA:0,createDoc
FNDA:0,(anonymous_9)
FNDA:0,(anonymous_10)
FNDA:0,selectedUser
FNDA:0,(anonymous_12)
FNDA:0,(anonymous_13)
FNDA:0,reloadPage
FNDA:0,(anonymous_15)
FNDA:0,(anonymous_16)
FNDA:0,reloadRoles
FNDA:0,(anonymous_18)
FNDA:0,(anonymous_19)
FNDA:0,handleEditSubmit
FNDA:0,(anonymous_21)
FNDA:0,(anonymous_22)
FNDA:0,deleteDoc
FNDA:0,(anonymous_24)
FNDA:0,(anonymous_25)
DA:1,1
DA:2,1
DA:3,1
DA:6,0
DA:13,0
DA:20,0
DA:27,0
DA:33,0
DA:39,0
DA:45,0
DA:51,0
DA:52,0
DA:53,0
DA:62,0
DA:63,0
DA:69,0
DA:70,0
DA:71,0
DA:72,0
DA:76,0
DA:77,0
DA:78,0
DA:79,0
DA:81,0
DA:88,0
DA:89,0
DA:90,0
DA:91,0
DA:100,0
DA:101,0
DA:102,0
DA:103,0
DA:109,0
DA:110,0
DA:111,0
DA:112,0
DA:121,0
DA:122,0
DA:123,0
DA:124,0
DA:125,0
DA:131,0
DA:132,0
DA:133,0
DA:134,0
DA:143,0
DA:144,0
DA:150,0
DA:151,0
DA:152,0
DA:156,0
DA:157,0
DA:159,0
LF:53
LH:3
BRDA:62,0,0,0
BRDA:62,0,1,0
BRDA:76,1,0,0
BRDA:76,1,1,0
BRDA:143,2,0,0
BRDA:143,2,1,0
BRDA:156,3,0,0
BRDA:156,3,1,0
BRF:8
BRH:0
end_of_record
TN:
SF:/Users/riwhiz/Desktop/Projects/Docman/app/actions/menuActions.js
FN:1,openUsers
FN:4,openDocuments
FN:7,openRoles
FN:10,openDashboard
FN:13,openUserDoc
FNF:5
FNH:0
FNDA:0,openUsers
FNDA:0,openDocuments
FNDA:0,openRoles
FNDA:0,openDashboard
FNDA:0,openUserDoc
DA:2,0
DA:5,0
DA:8,0
DA:11,0
DA:14,0
LF:5
LH:0
BRF:0
BRH:0
end_of_record
